LDR-master/build/app/intermediates/manifest_merge_blame_file/debug/manifest-merger-blame-debug-report.txt
1<?xml version="1.0" encoding="utf-8"?>
2<manifest xmlns:android="http://schemas.android.com/apk/res/android"
3    package="com.company.LDR"
4    android:versionCode="1"
5    android:versionName="1.0.0" >
6
7    <uses-sdk
8        android:minSdkVersion="21"
9        android:targetSdkVersion="28" />
10    <!--
11         Flutter needs it to communicate with the running application
12         to allow setting breakpoints, to provide hot reload, etc.
13    -->
14<!--  <uses-permission android:name="android.permission.INTERNET"/> -->
15    <!--
16     io.flutter.app.FlutterApplication is an android.app.Application that
17         calls FlutterMain.startInitialization(this); in its onCreate method.
18         In most cases you can leave this as-is, but you if you want to provide
19         additional functionality it is fine to subclass or reimplement
20         FlutterApplication and put your custom class here.
21    -->
22    <uses-permission android:name="android.permission.ACCESS_FINE_LOCATION" />
22-->src/main/AndroidManifest.xml:8:5-79
22-->src/main/AndroidManifest.xml:8:22-76
23    <uses-permission android:name="android.permission.ACCESS_COARSE_LOCATION" />
23-->src/main/AndroidManifest.xml:9:5-81
23-->src/main/AndroidManifest.xml:9:22-78
24    <uses-permission android:name="android.permission.ACCESS_BACKGROUND_LOCATION" />
24-->src/main/AndroidManifest.xml:10:5-85
24-->src/main/AndroidManifest.xml:10:22-82
25    <uses-permission android:name="android.permission.INTERNET" />
25-->[:firebase_dynamic_links] AndroidManifest.xml:7:5-67
25-->[:firebase_dynamic_links] AndroidManifest.xml:7:22-64
26    <uses-permission android:name="android.permission.FOREGROUND_SERVICE" />
26-->[:location] AndroidManifest.xml:9:5-77
26-->[:location] AndroidManifest.xml:9:22-74
27    <uses-permission android:name="android.permission.READ_EXTERNAL_STORAGE" />
27-->[:image_picker] AndroidManifest.xml:7:5-80
27-->[:image_picker] AndroidManifest.xml:7:22-77
28    <uses-permission android:name="android.permission.WRITE_EXTERNAL_STORAGE" />
28-->[:image_picker] AndroidManifest.xml:8:5-81
28-->[:image_picker] AndroidManifest.xml:8:22-78
29    <uses-permission android:name="android.permission.READ_PHONE_STATE" />
29-->[:agora_rtc_engine] AndroidManifest.xml:10:5-75
29-->[:agora_rtc_engine] AndroidManifest.xml:10:22-72
30    <uses-permission android:name="android.permission.RECORD_AUDIO" />
30-->[:agora_rtc_engine] AndroidManifest.xml:12:5-71
30-->[:agora_rtc_engine] AndroidManifest.xml:12:22-68
31    <uses-permission android:name="android.permission.CAMERA" />
31-->[:agora_rtc_engine] AndroidManifest.xml:13:5-65
31-->[:agora_rtc_engine] AndroidManifest.xml:13:22-62
32    <uses-permission android:name="android.permission.MODIFY_AUDIO_SETTINGS" />
32-->[:agora_rtc_engine] AndroidManifest.xml:14:5-80
32-->[:agora_rtc_engine] AndroidManifest.xml:14:22-77
33    <uses-permission android:name="android.permission.ACCESS_NETWORK_STATE" />
33-->[:agora_rtc_engine] AndroidManifest.xml:15:5-79
33-->[:agora_rtc_engine] AndroidManifest.xml:15:22-76
34    <uses-permission android:name="android.permission.BLUETOOTH" />
34-->[:agora_rtc_engine] AndroidManifest.xml:16:5-68
34-->[:agora_rtc_engine] AndroidManifest.xml:16:22-65
35    <uses-permission android:name="android.permission.ACCESS_WIFI_STATE" />
35-->[:agora_rtc_engine] AndroidManifest.xml:17:5-76
35-->[:agora_rtc_engine] AndroidManifest.xml:17:22-73
36    <uses-permission android:name="android.permission.READ_PRIVILEGED_PHONE_STATE" />
36-->[:agora_rtc_engine] AndroidManifest.xml:19:5-21:47
36-->[:agora_rtc_engine] AndroidManifest.xml:20:9-70
37    <uses-permission android:name="android.permission.WAKE_LOCK" />
37-->[com.google.android.gms:play-services-measurement-api:17.6.0] AndroidManifest.xml:24:5-68
37-->[com.google.android.gms:play-services-measurement-api:17.6.0] AndroidManifest.xml:24:22-65
38    <uses-permission android:name="com.google.android.finsky.permission.BIND_GET_INSTALL_REFERRER_SERVICE" />
38-->[com.google.android.gms:play-services-measurement:17.6.0] AndroidManifest.xml:26:5-110
38-->[com.google.android.gms:play-services-measurement:17.6.0] AndroidManifest.xml:26:22-107
39
40    <application
40-->src/main/AndroidManifest.xml:11:5-57:19
41        android:name="io.flutter.app.FlutterApplication"
41-->src/main/AndroidManifest.xml:12:9-57
42        android:appComponentFactory="androidx.core.app.CoreComponentFactory"
42-->[androidx.core:core:1.3.2] AndroidManifest.xml:24:18-86
43        android:debuggable="true"
44        android:icon="@mipmap/ic_launcher"
44-->src/main/AndroidManifest.xml:14:9-43
45        android:label="loginPage" >
45-->src/main/AndroidManifest.xml:13:9-34
46        <activity
46-->src/main/AndroidManifest.xml:15:9-51:20
47            android:name="com.example.loginPage.MainActivity"
47-->src/main/AndroidManifest.xml:16:13-41
48            android:configChanges="orientation|keyboardHidden|keyboard|screenSize|smallestScreenSize|locale|layoutDirection|fontScale|screenLayout|density|uiMode"
48-->src/main/AndroidManifest.xml:19:13-163
49            android:hardwareAccelerated="true"
49-->src/main/AndroidManifest.xml:20:13-47
50            android:launchMode="singleTop"
50-->src/main/AndroidManifest.xml:17:13-43
51            android:theme="@style/LaunchTheme"
51-->src/main/AndroidManifest.xml:18:13-47
52            android:windowSoftInputMode="adjustResize" >
52-->src/main/AndroidManifest.xml:21:13-55
53
54            <!--
55                 Specifies an Android theme to apply to this Activity as soon as
56                 the Android process has started. This theme is visible to the user
57                 while the Flutter UI initializes. After that, this theme continues
58                 to determine the Window background behind the Flutter UI.
59            -->
60            <meta-data
60-->src/main/AndroidManifest.xml:26:13-29:17
61                android:name="io.flutter.embedding.android.NormalTheme"
61-->src/main/AndroidManifest.xml:27:15-70
62                android:resource="@style/NormalTheme" />
62-->src/main/AndroidManifest.xml:28:15-52
63            <!--
64                 Displays an Android View that continues showing the launch screen
65                 Drawable until Flutter paints its first frame, then this splash
66                 screen fades out. A splash screen is useful to avoid any visual
67                 gap between the end of Android's launch screen and the painting of
68                 Flutter's first frame.
69            -->
70            <meta-data
70-->src/main/AndroidManifest.xml:35:13-38:17
71                android:name="io.flutter.embedding.android.SplashScreenDrawable"
71-->src/main/AndroidManifest.xml:36:15-79
72                android:resource="@drawable/launch_background" />
72-->src/main/AndroidManifest.xml:37:15-61
73
74            <intent-filter>
74-->src/main/AndroidManifest.xml:39:13-42:29
75                <action android:name="android.intent.action.MAIN" />
75-->src/main/AndroidManifest.xml:40:16-67
75-->src/main/AndroidManifest.xml:40:24-65
76
77                <category android:name="android.intent.category.LAUNCHER" />
77-->src/main/AndroidManifest.xml:41:16-75
77-->src/main/AndroidManifest.xml:41:26-73
78            </intent-filter>
79            <intent-filter>
79-->src/main/AndroidManifest.xml:43:13-50:29
80                <action android:name="android.intent.action.VIEW" />
80-->src/main/AndroidManifest.xml:44:15-66
80-->src/main/AndroidManifest.xml:44:23-64
81
82                <category android:name="android.intent.category.DEFAULT" />
82-->src/main/AndroidManifest.xml:45:16-74
82-->src/main/AndroidManifest.xml:45:26-72
83                <category android:name="android.intent.category.BROWSABLE" />
83-->src/main/AndroidManifest.xml:46:16-76
83-->src/main/AndroidManifest.xml:46:26-74
84
85                <data
85-->src/main/AndroidManifest.xml:47:15-49:41
86                    android:host="https://signuppages.page.link"
86-->src/main/AndroidManifest.xml:48:17-61
87                    android:scheme="https" />
87-->src/main/AndroidManifest.xml:49:17-39
88            </intent-filter>
89        </activity>
90        <!--
91             Don't delete the meta-data below.
92             This is used by the Flutter tool to generate GeneratedPluginRegistrant.java
93        -->
94        <meta-data
94-->src/main/AndroidManifest.xml:54:9-56:33
95            android:name="flutterEmbedding"
95-->src/main/AndroidManifest.xml:55:13-44
96            android:value="2" />
96-->src/main/AndroidManifest.xml:56:13-30
97
98        <service
98-->[:cloud_firestore] AndroidManifest.xml:8:9-12:19
99            android:name="com.google.firebase.components.ComponentDiscoveryService"
99-->[:cloud_firestore] AndroidManifest.xml:8:18-89
100            android:directBootAware="true"
100-->[com.google.firebase:firebase-common:19.3.1] AndroidManifest.xml:35:13-43
101            android:exported="false" >
101-->[com.google.firebase:firebase-firestore:21.7.1] AndroidManifest.xml:19:13-37
102            <meta-data
102-->[:cloud_firestore] AndroidManifest.xml:9:13-11:85
103                android:name="com.google.firebase.components:io.flutter.plugins.firebase.firestore.FlutterFirebaseFirestoreRegistrar"
103-->[:cloud_firestore] AndroidManifest.xml:10:17-134
104                android:value="com.google.firebase.components.ComponentRegistrar" />
104-->[:cloud_firestore] AndroidManifest.xml:11:17-82
105            <meta-data
105-->[:firebase_auth] AndroidManifest.xml:9:13-11:85
106                android:name="com.google.firebase.components:io.flutter.plugins.firebase.auth.FlutterFirebaseAuthRegistrar"
106-->[:firebase_auth] AndroidManifest.xml:10:17-124
107                android:value="com.google.firebase.components.ComponentRegistrar" />
107-->[:firebase_auth] AndroidManifest.xml:11:17-82
108            <meta-data
108-->[:firebase_database] AndroidManifest.xml:9:13-11:85
109                android:name="com.google.firebase.components:io.flutter.plugins.firebase.database.FlutterFirebaseAppRegistrar"
109-->[:firebase_database] AndroidManifest.xml:10:17-127
110                android:value="com.google.firebase.components.ComponentRegistrar" />
110-->[:firebase_database] AndroidManifest.xml:11:17-82
111            <meta-data
111-->[:firebase_storage] AndroidManifest.xml:9:13-11:85
112                android:name="com.google.firebase.components:io.flutter.plugins.firebase.storage.FlutterFirebaseAppRegistrar"
112-->[:firebase_storage] AndroidManifest.xml:10:17-126
113                android:value="com.google.firebase.components.ComponentRegistrar" />
113-->[:firebase_storage] AndroidManifest.xml:11:17-82
114            <meta-data
114-->[:firebase_dynamic_links] AndroidManifest.xml:11:13-13:85
115                android:name="com.google.firebase.components:io.flutter.plugins.firebasedynamiclinks.FlutterFirebaseAppRegistrar"
115-->[:firebase_dynamic_links] AndroidManifest.xml:12:17-130
116                android:value="com.google.firebase.components.ComponentRegistrar" />
116-->[:firebase_dynamic_links] AndroidManifest.xml:13:17-82
117            <meta-data
117-->[:firebase_core] AndroidManifest.xml:9:13-11:85
118                android:name="com.google.firebase.components:io.flutter.plugins.firebase.core.FlutterFirebaseCoreRegistrar"
118-->[:firebase_core] AndroidManifest.xml:10:17-124
119                android:value="com.google.firebase.components.ComponentRegistrar" />
119-->[:firebase_core] AndroidManifest.xml:11:17-82
120            <meta-data
120-->[com.google.firebase:firebase-firestore:21.7.1] AndroidManifest.xml:20:13-22:85
121                android:name="com.google.firebase.components:com.google.firebase.firestore.FirestoreRegistrar"
121-->[com.google.firebase:firebase-firestore:21.7.1] AndroidManifest.xml:21:17-111
122                android:value="com.google.firebase.components.ComponentRegistrar" />
122-->[com.google.firebase:firebase-firestore:21.7.1] AndroidManifest.xml:22:17-82
123            <meta-data
123-->[com.google.firebase:firebase-dynamic-links:19.1.1] AndroidManifest.xml:11:13-13:85
124                android:name="com.google.firebase.components:com.google.firebase.dynamiclinks.internal.FirebaseDynamicLinkRegistrar"
124-->[com.google.firebase:firebase-dynamic-links:19.1.1] AndroidManifest.xml:12:17-133
125                android:value="com.google.firebase.components.ComponentRegistrar" />
125-->[com.google.firebase:firebase-dynamic-links:19.1.1] AndroidManifest.xml:13:17-82
126            <meta-data
126-->[com.google.firebase:firebase-auth:19.4.0] AndroidManifest.xml:36:13-38:85
127                android:name="com.google.firebase.components:com.google.firebase.auth.FirebaseAuthRegistrar"
127-->[com.google.firebase:firebase-auth:19.4.0] AndroidManifest.xml:37:17-109
128                android:value="com.google.firebase.components.ComponentRegistrar" />
128-->[com.google.firebase:firebase-auth:19.4.0] AndroidManifest.xml:38:17-82
129            <meta-data
129-->[com.google.firebase:firebase-storage:19.2.0] AndroidManifest.xml:33:13-35:85
130                android:name="com.google.firebase.components:com.google.firebase.storage.StorageRegistrar"
130-->[com.google.firebase:firebase-storage:19.2.0] AndroidManifest.xml:34:17-107
131                android:value="com.google.firebase.components.ComponentRegistrar" />
131-->[com.google.firebase:firebase-storage:19.2.0] AndroidManifest.xml:35:17-82
132            <meta-data
132-->[com.google.firebase:firebase-database:19.5.0] AndroidManifest.xml:32:13-34:85
133                android:name="com.google.firebase.components:com.google.firebase.database.DatabaseRegistrar"
133-->[com.google.firebase:firebase-database:19.5.0] AndroidManifest.xml:33:17-109
134                android:value="com.google.firebase.components.ComponentRegistrar" />
134-->[com.google.firebase:firebase-database:19.5.0] AndroidManifest.xml:34:17-82
135            <meta-data
135-->[com.google.android.gms:play-services-measurement-api:17.6.0] AndroidManifest.xml:30:13-32:85
136                android:name="com.google.firebase.components:com.google.firebase.analytics.connector.internal.AnalyticsConnectorRegistrar"
136-->[com.google.android.gms:play-services-measurement-api:17.6.0] AndroidManifest.xml:31:17-139
137                android:value="com.google.firebase.components.ComponentRegistrar" />
137-->[com.google.android.gms:play-services-measurement-api:17.6.0] AndroidManifest.xml:32:17-82
138            <meta-data
138-->[com.google.firebase:firebase-installations:16.3.2] AndroidManifest.xml:17:13-19:85
139                android:name="com.google.firebase.components:com.google.firebase.installations.FirebaseInstallationsRegistrar"
139-->[com.google.firebase:firebase-installations:16.3.2] AndroidManifest.xml:18:17-127
140                android:value="com.google.firebase.components.ComponentRegistrar" />
140-->[com.google.firebase:firebase-installations:16.3.2] AndroidManifest.xml:19:17-82
141        </service>
142        <service
142-->[:location] AndroidManifest.xml:13:9-17:56
143            android:name="com.lyokone.location.FlutterLocationService"
143-->[:location] AndroidManifest.xml:14:13-71
144            android:enabled="true"
144-->[:location] AndroidManifest.xml:15:13-35
145            android:exported="false"
145-->[:location] AndroidManifest.xml:16:13-37
146            android:foregroundServiceType="location" />
146-->[:location] AndroidManifest.xml:17:13-53
147
148        <provider
148-->[:image_picker] AndroidManifest.xml:11:9-19:20
149            android:name="io.flutter.plugins.imagepicker.ImagePickerFileProvider"
149-->[:image_picker] AndroidManifest.xml:12:13-82
150            android:authorities="com.company.LDR.flutter.image_provider"
150-->[:image_picker] AndroidManifest.xml:13:13-74
151            android:exported="false"
151-->[:image_picker] AndroidManifest.xml:14:13-37
152            android:grantUriPermissions="true" >
152-->[:image_picker] AndroidManifest.xml:15:13-47
153            <meta-data
153-->[:image_picker] AndroidManifest.xml:16:13-18:75
154                android:name="android.support.FILE_PROVIDER_PATHS"
154-->[:image_picker] AndroidManifest.xml:17:17-67
155                android:resource="@xml/flutter_image_picker_file_paths" />
155-->[:image_picker] AndroidManifest.xml:18:17-72
156        </provider>
157
158        <activity
158-->[:url_launcher] AndroidManifest.xml:8:9-11:74
159            android:name="io.flutter.plugins.urllauncher.WebViewActivity"
159-->[:url_launcher] AndroidManifest.xml:9:13-74
160            android:exported="false"
160-->[:url_launcher] AndroidManifest.xml:10:13-37
161            android:theme="@android:style/Theme.NoTitleBar.Fullscreen" />
161-->[:url_launcher] AndroidManifest.xml:11:13-71
162        <activity
162-->[com.google.firebase:firebase-auth:19.4.0] AndroidManifest.xml:24:9-31:50
163            android:name="com.google.firebase.auth.internal.FederatedSignInActivity"
163-->[com.google.firebase:firebase-auth:19.4.0] AndroidManifest.xml:25:13-85
164            android:excludeFromRecents="true"
164-->[com.google.firebase:firebase-auth:19.4.0] AndroidManifest.xml:26:13-46
165            android:exported="true"
165-->[com.google.firebase:firebase-auth:19.4.0] AndroidManifest.xml:27:13-36
166            android:launchMode="singleTask"
166-->[com.google.firebase:firebase-auth:19.4.0] AndroidManifest.xml:28:13-44
167            android:permission="com.google.firebase.auth.api.gms.permission.LAUNCH_FEDERATED_SIGN_IN"
167-->[com.google.firebase:firebase-auth:19.4.0] AndroidManifest.xml:29:13-102
168            android:theme="@android:style/Theme.Translucent.NoTitleBar" />
168-->[com.google.firebase:firebase-auth:19.4.0] AndroidManifest.xml:30:13-72
169        <activity
169-->[com.google.android.gms:play-services-base:17.1.0] AndroidManifest.xml:23:9-26:75
170            android:name="com.google.android.gms.common.api.GoogleApiActivity"
170-->[com.google.android.gms:play-services-base:17.1.0] AndroidManifest.xml:24:13-79
171            android:exported="false"
171-->[com.google.android.gms:play-services-base:17.1.0] AndroidManifest.xml:25:13-37
172            android:theme="@android:style/Theme.Translucent.NoTitleBar" />
172-->[com.google.android.gms:play-services-base:17.1.0] AndroidManifest.xml:26:13-72
173
174        <provider
174-->[com.google.firebase:firebase-common:19.3.1] AndroidManifest.xml:26:9-31:39
175            android:name="com.google.firebase.provider.FirebaseInitProvider"
175-->[com.google.firebase:firebase-common:19.3.1] AndroidManifest.xml:27:13-77
176            android:authorities="com.company.LDR.firebaseinitprovider"
176-->[com.google.firebase:firebase-common:19.3.1] AndroidManifest.xml:28:13-72
177            android:directBootAware="true"
177-->[com.google.firebase:firebase-common:19.3.1] AndroidManifest.xml:29:13-43
178            android:exported="false"
178-->[com.google.firebase:firebase-common:19.3.1] AndroidManifest.xml:30:13-37
179            android:initOrder="100" />
179-->[com.google.firebase:firebase-common:19.3.1] AndroidManifest.xml:31:13-36
180
181        <receiver
181-->[com.google.android.gms:play-services-measurement:17.6.0] AndroidManifest.xml:29:9-33:20
182            android:name="com.google.android.gms.measurement.AppMeasurementReceiver"
182-->[com.google.android.gms:play-services-measurement:17.6.0] AndroidManifest.xml:30:13-85
183            android:enabled="true"
183-->[com.google.android.gms:play-services-measurement:17.6.0] AndroidManifest.xml:31:13-35
184            android:exported="false" >
184-->[com.google.android.gms:play-services-measurement:17.6.0] AndroidManifest.xml:32:13-37
185        </receiver>
186
187        <service
187-->[com.google.android.gms:play-services-measurement:17.6.0] AndroidManifest.xml:35:9-38:40
188            android:name="com.google.android.gms.measurement.AppMeasurementService"
188-->[com.google.android.gms:play-services-measurement:17.6.0] AndroidManifest.xml:36:13-84
189            android:enabled="true"
189-->[com.google.android.gms:play-services-measurement:17.6.0] AndroidManifest.xml:37:13-35
190            android:exported="false" />
190-->[com.google.android.gms:play-services-measurement:17.6.0] AndroidManifest.xml:38:13-37
191        <service
191-->[com.google.android.gms:play-services-measurement:17.6.0] AndroidManifest.xml:39:9-43:72
192            android:name="com.google.android.gms.measurement.AppMeasurementJobService"
192-->[com.google.android.gms:play-services-measurement:17.6.0] AndroidManifest.xml:40:13-87
193            android:enabled="true"
193-->[com.google.android.gms:play-services-measurement:17.6.0] AndroidManifest.xml:41:13-35
194            android:exported="false"
194-->[com.google.android.gms:play-services-measurement:17.6.0] AndroidManifest.xml:42:13-37
195            android:permission="android.permission.BIND_JOB_SERVICE" />
195-->[com.google.android.gms:play-services-measurement:17.6.0] AndroidManifest.xml:43:13-69
196
197        <meta-data
197-->[com.google.android.gms:play-services-basement:17.0.0] AndroidManifest.xml:23:9-25:69
198            android:name="com.google.android.gms.version"
198-->[com.google.android.gms:play-services-basement:17.0.0] AndroidManifest.xml:24:13-58
199            android:value="@integer/google_play_services_version" />
199-->[com.google.android.gms:play-services-basement:17.0.0] AndroidManifest.xml:25:13-66
200    </application>
201
202</manifest>